2023-10-24 17:28:12 [main] INFO  api.test.UserTests - ***********Creating User**************
2023-10-24 17:28:17 [main] INFO  api.test.UserTests - *********** User id Created**************
2023-10-24 17:28:17 [main] INFO  api.test.UserTests - ***********Reading User Info**************
2023-10-24 17:28:18 [main] INFO  api.test.UserTests - ***********User Info is displayed************
2023-10-24 17:28:18 [main] INFO  api.test.UserTests - ***********Updating User**********
2023-10-24 17:28:20 [main] INFO  api.test.UserTests - **************** User is updated**********
2023-10-24 17:28:21 [main] INFO  api.test.UserTests - **************** User is deleted**********
2023-10-24 18:08:43 [main] INFO  api.test.UserTests - ***********Creating User**************
2023-10-24 18:08:44 [main] INFO  api.test.UserTests - *********** User id Created**************
2023-10-24 18:08:44 [main] INFO  api.test.UserTests - ***********Reading User Info**************
2023-10-24 18:08:46 [main] INFO  api.test.UserTests - ***********User Info is displayed************
2023-10-24 18:08:46 [main] INFO  api.test.UserTests - ***********Updating User**********
2023-10-24 18:08:47 [main] INFO  api.test.UserTests - **************** User is updated**********
2023-10-24 18:08:48 [main] INFO  api.test.UserTests - **************** User is deleted**********
2023-10-24 18:35:52 [main] INFO  api.test.UserTests - ***********Creating User**************
2023-10-24 18:35:54 [main] INFO  api.test.UserTests - *********** User id Created**************
2023-10-24 18:35:54 [main] INFO  api.test.UserTests - ***********Reading User Info**************
2023-10-24 18:35:55 [main] INFO  api.test.UserTests - ***********User Info is displayed************
2023-10-24 18:35:55 [main] INFO  api.test.UserTests - ***********Updating User**********
2023-10-24 18:35:56 [main] INFO  api.test.UserTests - **************** User is updated**********
2023-10-24 18:35:58 [main] INFO  api.test.UserTests - **************** User is deleted**********
